{"C:\\Users\\brcro\\Dev-Web-2022\\Backend\\app.js": {"path":"C:\\Users\\brcro\\Dev-Web-2022\\Backend\\app.js","statementMap":{"0":{"start":{"line":1,"column":16},"end":{"line":1,"column":34}},"1":{"start":{"line":2,"column":13},"end":{"line":2,"column":31}},"2":{"start":{"line":3,"column":19},"end":{"line":3,"column":46}},"3":{"start":{"line":4,"column":12},"end":{"line":4,"column":21}},"4":{"start":{"line":5,"column":17},"end":{"line":5,"column":39}},"5":{"start":{"line":6,"column":19},"end":{"line":6,"column":46}},"6":{"start":{"line":7,"column":13},"end":{"line":7,"column":28}},"7":{"start":{"line":8,"column":23},"end":{"line":8,"column":53}},"8":{"start":{"line":11,"column":0},"end":{"line":11,"column":24}},"9":{"start":{"line":13,"column":0},"end":{"line":15,"column":4}},"10":{"start":{"line":18,"column":19},"end":{"line":22,"column":1}},"11":{"start":{"line":24,"column":0},"end":{"line":24,"column":27}},"12":{"start":{"line":27,"column":0},"end":{"line":32,"column":3}},"13":{"start":{"line":28,"column":4},"end":{"line":28,"column":54}},"14":{"start":{"line":29,"column":4},"end":{"line":29,"column":124}},"15":{"start":{"line":30,"column":4},"end":{"line":30,"column":92}},"16":{"start":{"line":31,"column":4},"end":{"line":31,"column":11}},"17":{"start":{"line":35,"column":0},"end":{"line":35,"column":35}},"18":{"start":{"line":36,"column":0},"end":{"line":36,"column":35}},"19":{"start":{"line":37,"column":0},"end":{"line":37,"column":39}},"20":{"start":{"line":41,"column":0},"end":{"line":43,"column":2}},"21":{"start":{"line":42,"column":2},"end":{"line":42,"column":55}},"22":{"start":{"line":46,"column":0},"end":{"line":46,"column":21}}},"fnMap":{"0":{"name":"(anonymous_0)","decl":{"start":{"line":27,"column":8},"end":{"line":27,"column":9}},"loc":{"start":{"line":27,"column":24},"end":{"line":32,"column":1}},"line":27},"1":{"name":"(anonymous_1)","decl":{"start":{"line":41,"column":13},"end":{"line":41,"column":14}},"loc":{"start":{"line":41,"column":33},"end":{"line":43,"column":1}},"line":41}},"branchMap":{},"s":{"0":1,"1":1,"2":1,"3":1,"4":1,"5":1,"6":1,"7":1,"8":1,"9":1,"10":1,"11":1,"12":1,"13":6,"14":6,"15":6,"16":6,"17":1,"18":1,"19":1,"20":1,"21":0,"22":1},"f":{"0":6,"1":0},"b":{},"_coverageSchema":"1a1c01bbd47fc00a2c39e90264f33305004495a9","hash":"f31e66b598930ad84d10af5cba6349a9c3bea8d4"}
,"C:\\Users\\brcro\\Dev-Web-2022\\Backend\\db.js": {"path":"C:\\Users\\brcro\\Dev-Web-2022\\Backend\\db.js","statementMap":{"0":{"start":{"line":1,"column":13},"end":{"line":1,"column":31}},"1":{"start":{"line":3,"column":13},"end":{"line":9,"column":2}},"2":{"start":{"line":11,"column":0},"end":{"line":11,"column":22}}},"fnMap":{},"branchMap":{},"s":{"0":1,"1":1,"2":1},"f":{},"b":{},"_coverageSchema":"1a1c01bbd47fc00a2c39e90264f33305004495a9","hash":"5583c98aee73bb00bf88edaa5de8adc37a159ffb"}
,"C:\\Users\\brcro\\Dev-Web-2022\\Backend\\controllers\\books.js": {"path":"C:\\Users\\brcro\\Dev-Web-2022\\Backend\\controllers\\books.js","statementMap":{"0":{"start":{"line":1,"column":13},"end":{"line":1,"column":29}},"1":{"start":{"line":2,"column":14},"end":{"line":2,"column":35}},"2":{"start":{"line":3,"column":14},"end":{"line":3,"column":30}},"3":{"start":{"line":7,"column":0},"end":{"line":34,"column":2}},"4":{"start":{"line":9,"column":16},"end":{"line":9,"column":32}},"5":{"start":{"line":10,"column":17},"end":{"line":10,"column":58}},"6":{"start":{"line":14,"column":4},"end":{"line":27,"column":6}},"7":{"start":{"line":16,"column":23},"end":{"line":16,"column":33}},"8":{"start":{"line":17,"column":8},"end":{"line":17,"column":30}},"9":{"start":{"line":20,"column":10},"end":{"line":20,"column":26}},"10":{"start":{"line":21,"column":10},"end":{"line":21,"column":33}},"11":{"start":{"line":22,"column":8},"end":{"line":22,"column":34}},"12":{"start":{"line":26,"column":8},"end":{"line":26,"column":35}},"13":{"start":{"line":36,"column":0},"end":{"line":57,"column":1}},"14":{"start":{"line":37,"column":13},"end":{"line":37,"column":26}},"15":{"start":{"line":38,"column":2},"end":{"line":38,"column":18}},"16":{"start":{"line":39,"column":17},"end":{"line":39,"column":58}},"17":{"start":{"line":41,"column":2},"end":{"line":55,"column":2}},"18":{"start":{"line":43,"column":19},"end":{"line":43,"column":29}},"19":{"start":{"line":44,"column":4},"end":{"line":44,"column":26}},"20":{"start":{"line":48,"column":6},"end":{"line":48,"column":22}},"21":{"start":{"line":49,"column":6},"end":{"line":49,"column":29}},"22":{"start":{"line":50,"column":4},"end":{"line":50,"column":30}},"23":{"start":{"line":54,"column":4},"end":{"line":54,"column":31}}},"fnMap":{"0":{"name":"(anonymous_0)","decl":{"start":{"line":7,"column":25},"end":{"line":7,"column":26}},"loc":{"start":{"line":7,"column":45},"end":{"line":34,"column":1}},"line":7},"1":{"name":"(anonymous_1)","decl":{"start":{"line":15,"column":10},"end":{"line":15,"column":11}},"loc":{"start":{"line":15,"column":24},"end":{"line":18,"column":7}},"line":15},"2":{"name":"(anonymous_2)","decl":{"start":{"line":19,"column":12},"end":{"line":19,"column":13}},"loc":{"start":{"line":19,"column":30},"end":{"line":24,"column":7}},"line":19},"3":{"name":"(anonymous_3)","decl":{"start":{"line":25,"column":11},"end":{"line":25,"column":12}},"loc":{"start":{"line":25,"column":17},"end":{"line":27,"column":5}},"line":25},"4":{"name":"(anonymous_4)","decl":{"start":{"line":36,"column":27},"end":{"line":36,"column":28}},"loc":{"start":{"line":36,"column":46},"end":{"line":57,"column":1}},"line":36},"5":{"name":"(anonymous_5)","decl":{"start":{"line":42,"column":8},"end":{"line":42,"column":9}},"loc":{"start":{"line":42,"column":21},"end":{"line":46,"column":3}},"line":42},"6":{"name":"(anonymous_6)","decl":{"start":{"line":47,"column":8},"end":{"line":47,"column":9}},"loc":{"start":{"line":47,"column":26},"end":{"line":52,"column":3}},"line":47},"7":{"name":"(anonymous_7)","decl":{"start":{"line":53,"column":7},"end":{"line":53,"column":8}},"loc":{"start":{"line":53,"column":13},"end":{"line":55,"column":1}},"line":53}},"branchMap":{},"s":{"0":1,"1":1,"2":1,"3":1,"4":1,"5":1,"6":1,"7":1,"8":1,"9":1,"10":1,"11":1,"12":0,"13":1,"14":1,"15":1,"16":1,"17":1,"18":1,"19":1,"20":1,"21":1,"22":1,"23":0},"f":{"0":1,"1":1,"2":1,"3":0,"4":1,"5":1,"6":1,"7":0},"b":{},"_coverageSchema":"1a1c01bbd47fc00a2c39e90264f33305004495a9","hash":"f79e7deb1f297bbca9e5a46f06eee72fc179cea6"}
,"C:\\Users\\brcro\\Dev-Web-2022\\Backend\\controllers\\comment.js": {"path":"C:\\Users\\brcro\\Dev-Web-2022\\Backend\\controllers\\comment.js","statementMap":{"0":{"start":{"line":1,"column":13},"end":{"line":1,"column":29}},"1":{"start":{"line":2,"column":14},"end":{"line":2,"column":35}},"2":{"start":{"line":3,"column":14},"end":{"line":3,"column":30}},"3":{"start":{"line":7,"column":0},"end":{"line":33,"column":1}},"4":{"start":{"line":10,"column":24},"end":{"line":10,"column":104}},"5":{"start":{"line":11,"column":20},"end":{"line":11,"column":33}},"6":{"start":{"line":13,"column":4},"end":{"line":29,"column":9}},"7":{"start":{"line":14,"column":8},"end":{"line":22,"column":10}},"8":{"start":{"line":17,"column":12},"end":{"line":18,"column":27}},"9":{"start":{"line":17,"column":21},"end":{"line":18,"column":25}},"10":{"start":{"line":19,"column":16},"end":{"line":19,"column":51}},"11":{"start":{"line":20,"column":16},"end":{"line":20,"column":37}},"12":{"start":{"line":21,"column":16},"end":{"line":21,"column":42}},"13":{"start":{"line":25,"column":8},"end":{"line":25,"column":25}},"14":{"start":{"line":26,"column":8},"end":{"line":28,"column":11}},"15":{"start":{"line":36,"column":0},"end":{"line":56,"column":1}},"16":{"start":{"line":38,"column":24},"end":{"line":38,"column":136}},"17":{"start":{"line":39,"column":16},"end":{"line":39,"column":29}},"18":{"start":{"line":40,"column":20},"end":{"line":40,"column":36}},"19":{"start":{"line":41,"column":24},"end":{"line":41,"column":44}},"20":{"start":{"line":44,"column":4},"end":{"line":55,"column":5}},"21":{"start":{"line":45,"column":8},"end":{"line":50,"column":11}},"22":{"start":{"line":46,"column":12},"end":{"line":48,"column":13}},"23":{"start":{"line":47,"column":16},"end":{"line":47,"column":25}},"24":{"start":{"line":49,"column":12},"end":{"line":49,"column":71}},"25":{"start":{"line":54,"column":8},"end":{"line":54,"column":54}}},"fnMap":{"0":{"name":"(anonymous_0)","decl":{"start":{"line":7,"column":33},"end":{"line":7,"column":34}},"loc":{"start":{"line":7,"column":52},"end":{"line":33,"column":1}},"line":7},"1":{"name":"(anonymous_1)","decl":{"start":{"line":14,"column":44},"end":{"line":14,"column":45}},"loc":{"start":{"line":15,"column":8},"end":{"line":22,"column":9}},"line":15},"2":{"name":"(anonymous_2)","decl":{"start":{"line":36,"column":24},"end":{"line":36,"column":25}},"loc":{"start":{"line":36,"column":46},"end":{"line":56,"column":1}},"line":36},"3":{"name":"(anonymous_3)","decl":{"start":{"line":45,"column":65},"end":{"line":45,"column":66}},"loc":{"start":{"line":45,"column":81},"end":{"line":50,"column":9}},"line":45}},"branchMap":{"0":{"loc":{"start":{"line":17,"column":12},"end":{"line":18,"column":27}},"type":"if","locations":[{"start":{"line":17,"column":12},"end":{"line":18,"column":27}},{"start":{},"end":{}}],"line":17},"1":{"loc":{"start":{"line":46,"column":12},"end":{"line":48,"column":13}},"type":"if","locations":[{"start":{"line":46,"column":12},"end":{"line":48,"column":13}},{"start":{},"end":{}}],"line":46}},"s":{"0":1,"1":1,"2":1,"3":1,"4":1,"5":1,"6":1,"7":1,"8":1,"9":0,"10":1,"11":1,"12":1,"13":0,"14":0,"15":1,"16":2,"17":2,"18":2,"19":2,"20":2,"21":2,"22":2,"23":1,"24":1,"25":0},"f":{"0":1,"1":1,"2":2,"3":2},"b":{"0":[0,1],"1":[1,1]},"_coverageSchema":"1a1c01bbd47fc00a2c39e90264f33305004495a9","hash":"7eb52b5b4de2fadb43874042b3fafcb7b95c316e"}
,"C:\\Users\\brcro\\Dev-Web-2022\\Backend\\controllers\\users.js": {"path":"C:\\Users\\brcro\\Dev-Web-2022\\Backend\\controllers\\users.js","statementMap":{"0":{"start":{"line":1,"column":13},"end":{"line":1,"column":29}},"1":{"start":{"line":2,"column":15},"end":{"line":2,"column":32}},"2":{"start":{"line":3,"column":12},"end":{"line":3,"column":35}},"3":{"start":{"line":5,"column":0},"end":{"line":16,"column":1}},"4":{"start":{"line":6,"column":4},"end":{"line":13,"column":5}},"5":{"start":{"line":7,"column":21},"end":{"line":7,"column":33}},"6":{"start":{"line":8,"column":8},"end":{"line":10,"column":9}},"7":{"start":{"line":9,"column":12},"end":{"line":9,"column":23}},"8":{"start":{"line":12,"column":8},"end":{"line":12,"column":42}},"9":{"start":{"line":19,"column":0},"end":{"line":73,"column":1}},"10":{"start":{"line":20,"column":47},"end":{"line":20,"column":55}},"11":{"start":{"line":21,"column":4},"end":{"line":68,"column":13}},"12":{"start":{"line":22,"column":9},"end":{"line":58,"column":14}},"13":{"start":{"line":24,"column":31},"end":{"line":24,"column":43}},"14":{"start":{"line":25,"column":16},"end":{"line":55,"column":17}},"15":{"start":{"line":26,"column":16},"end":{"line":28,"column":22}},"16":{"start":{"line":33,"column":20},"end":{"line":52,"column":19}},"17":{"start":{"line":34,"column":24},"end":{"line":50,"column":24}},"18":{"start":{"line":35,"column":29},"end":{"line":38,"column":37}},"19":{"start":{"line":37,"column":40},"end":{"line":37,"column":57}},"20":{"start":{"line":39,"column":45},"end":{"line":39,"column":133}},"21":{"start":{"line":40,"column":28},"end":{"line":46,"column":31}},"22":{"start":{"line":42,"column":32},"end":{"line":42,"column":49}},"23":{"start":{"line":43,"column":32},"end":{"line":43,"column":52}},"24":{"start":{"line":45,"column":32},"end":{"line":45,"column":89}},"25":{"start":{"line":64,"column":12},"end":{"line":64,"column":29}},"26":{"start":{"line":65,"column":12},"end":{"line":67,"column":15}},"27":{"start":{"line":78,"column":0},"end":{"line":138,"column":1}},"28":{"start":{"line":79,"column":31},"end":{"line":79,"column":39}},"29":{"start":{"line":81,"column":4},"end":{"line":136,"column":1}},"30":{"start":{"line":82,"column":9},"end":{"line":126,"column":57}},"31":{"start":{"line":84,"column":25},"end":{"line":84,"column":36}},"32":{"start":{"line":85,"column":25},"end":{"line":85,"column":37}},"33":{"start":{"line":86,"column":28},"end":{"line":86,"column":43}},"34":{"start":{"line":87,"column":12},"end":{"line":122,"column":13}},"35":{"start":{"line":88,"column":16},"end":{"line":88,"column":77}},"36":{"start":{"line":92,"column":16},"end":{"line":116,"column":65}},"37":{"start":{"line":94,"column":20},"end":{"line":113,"column":21}},"38":{"start":{"line":95,"column":24},"end":{"line":95,"column":87}},"39":{"start":{"line":97,"column":24},"end":{"line":112,"column":27}},"40":{"start":{"line":116,"column":32},"end":{"line":116,"column":63}},"41":{"start":{"line":126,"column":24},"end":{"line":126,"column":55}},"42":{"start":{"line":132,"column":8},"end":{"line":132,"column":25}},"43":{"start":{"line":133,"column":8},"end":{"line":135,"column":11}}},"fnMap":{"0":{"name":"(anonymous_0)","decl":{"start":{"line":5,"column":22},"end":{"line":5,"column":23}},"loc":{"start":{"line":5,"column":35},"end":{"line":16,"column":1}},"line":5},"1":{"name":"(anonymous_1)","decl":{"start":{"line":6,"column":46},"end":{"line":6,"column":47}},"loc":{"start":{"line":6,"column":65},"end":{"line":12,"column":44}},"line":6},"2":{"name":"(anonymous_2)","decl":{"start":{"line":19,"column":19},"end":{"line":19,"column":20}},"loc":{"start":{"line":19,"column":31},"end":{"line":73,"column":1}},"line":19},"3":{"name":"(anonymous_3)","decl":{"start":{"line":23,"column":18},"end":{"line":23,"column":19}},"loc":{"start":{"line":23,"column":28},"end":{"line":58,"column":13}},"line":23},"4":{"name":"(anonymous_4)","decl":{"start":{"line":33,"column":40},"end":{"line":33,"column":41}},"loc":{"start":{"line":33,"column":59},"end":{"line":52,"column":17}},"line":33},"5":{"name":"(anonymous_5)","decl":{"start":{"line":34,"column":61},"end":{"line":34,"column":62}},"loc":{"start":{"line":34,"column":75},"end":{"line":50,"column":22}},"line":34},"6":{"name":"(anonymous_6)","decl":{"start":{"line":40,"column":105},"end":{"line":40,"column":106}},"loc":{"start":{"line":41,"column":28},"end":{"line":46,"column":30}},"line":41},"7":{"name":"(anonymous_7)","decl":{"start":{"line":78,"column":16},"end":{"line":78,"column":17}},"loc":{"start":{"line":78,"column":36},"end":{"line":138,"column":1}},"line":78},"8":{"name":"(anonymous_8)","decl":{"start":{"line":83,"column":16},"end":{"line":83,"column":17}},"loc":{"start":{"line":83,"column":24},"end":{"line":124,"column":9}},"line":83},"9":{"name":"(anonymous_9)","decl":{"start":{"line":93,"column":22},"end":{"line":93,"column":23}},"loc":{"start":{"line":93,"column":30},"end":{"line":114,"column":17}},"line":93},"10":{"name":"(anonymous_10)","decl":{"start":{"line":116,"column":23},"end":{"line":116,"column":24}},"loc":{"start":{"line":116,"column":32},"end":{"line":116,"column":63}},"line":116},"11":{"name":"(anonymous_11)","decl":{"start":{"line":126,"column":15},"end":{"line":126,"column":16}},"loc":{"start":{"line":126,"column":24},"end":{"line":126,"column":55}},"line":126}},"branchMap":{"0":{"loc":{"start":{"line":8,"column":8},"end":{"line":10,"column":9}},"type":"if","locations":[{"start":{"line":8,"column":8},"end":{"line":10,"column":9}},{"start":{},"end":{}}],"line":8},"1":{"loc":{"start":{"line":25,"column":16},"end":{"line":55,"column":17}},"type":"if","locations":[{"start":{"line":25,"column":16},"end":{"line":55,"column":17}},{"start":{"line":31,"column":29},"end":{"line":55,"column":17}}],"line":25},"2":{"loc":{"start":{"line":35,"column":29},"end":{"line":38,"column":37}},"type":"if","locations":[{"start":{"line":35,"column":29},"end":{"line":38,"column":37}},{"start":{},"end":{}}],"line":35},"3":{"loc":{"start":{"line":87,"column":12},"end":{"line":122,"column":13}},"type":"if","locations":[{"start":{"line":87,"column":12},"end":{"line":122,"column":13}},{"start":{"line":91,"column":16},"end":{"line":122,"column":13}}],"line":87},"4":{"loc":{"start":{"line":94,"column":20},"end":{"line":113,"column":21}},"type":"if","locations":[{"start":{"line":94,"column":20},"end":{"line":113,"column":21}},{"start":{"line":96,"column":25},"end":{"line":113,"column":21}}],"line":94}},"s":{"0":1,"1":1,"2":1,"3":1,"4":1,"5":1,"6":1,"7":0,"8":1,"9":1,"10":0,"11":0,"12":0,"13":0,"14":0,"15":0,"16":0,"17":0,"18":0,"19":0,"20":0,"21":0,"22":0,"23":0,"24":0,"25":0,"26":0,"27":1,"28":0,"29":0,"30":0,"31":0,"32":0,"33":0,"34":0,"35":0,"36":0,"37":0,"38":0,"39":0,"40":0,"41":0,"42":0,"43":0},"f":{"0":1,"1":1,"2":0,"3":0,"4":0,"5":0,"6":0,"7":0,"8":0,"9":0,"10":0,"11":0},"b":{"0":[0,1],"1":[0,0],"2":[0,0],"3":[0,0],"4":[0,0]},"_coverageSchema":"1a1c01bbd47fc00a2c39e90264f33305004495a9","hash":"e645f0a8d8ffc6c969bd4daf476ba1bd641439f1"}
,"C:\\Users\\brcro\\Dev-Web-2022\\Backend\\middlewares\\EnableCors.js": {"path":"C:\\Users\\brcro\\Dev-Web-2022\\Backend\\middlewares\\EnableCors.js","statementMap":{"0":{"start":{"line":1,"column":0},"end":{"line":4,"column":1}},"1":{"start":{"line":2,"column":4},"end":{"line":2,"column":48}},"2":{"start":{"line":3,"column":4},"end":{"line":3,"column":11}}},"fnMap":{"0":{"name":"(anonymous_0)","decl":{"start":{"line":1,"column":17},"end":{"line":1,"column":18}},"loc":{"start":{"line":1,"column":36},"end":{"line":4,"column":1}},"line":1}},"branchMap":{},"s":{"0":1,"1":1,"2":1},"f":{"0":1},"b":{},"_coverageSchema":"1a1c01bbd47fc00a2c39e90264f33305004495a9","hash":"bab8e058ba773b6ee189180870ce6300301fad1d"}
,"C:\\Users\\brcro\\Dev-Web-2022\\Backend\\routes\\book.js": {"path":"C:\\Users\\brcro\\Dev-Web-2022\\Backend\\routes\\book.js","statementMap":{"0":{"start":{"line":1,"column":16},"end":{"line":1,"column":34}},"1":{"start":{"line":2,"column":15},"end":{"line":2,"column":31}},"2":{"start":{"line":3,"column":25},"end":{"line":3,"column":56}},"3":{"start":{"line":4,"column":13},"end":{"line":4,"column":49}},"4":{"start":{"line":5,"column":27},"end":{"line":5,"column":58}},"5":{"start":{"line":7,"column":0},"end":{"line":7,"column":45}},"6":{"start":{"line":8,"column":0},"end":{"line":8,"column":44}},"7":{"start":{"line":10,"column":0},"end":{"line":10,"column":24}}},"fnMap":{},"branchMap":{},"s":{"0":1,"1":1,"2":1,"3":1,"4":1,"5":1,"6":1,"7":1},"f":{},"b":{},"_coverageSchema":"1a1c01bbd47fc00a2c39e90264f33305004495a9","hash":"b068718cf03381587029b470cdb42763060e33d3"}
,"C:\\Users\\brcro\\Dev-Web-2022\\Backend\\routes\\comment.js": {"path":"C:\\Users\\brcro\\Dev-Web-2022\\Backend\\routes\\comment.js","statementMap":{"0":{"start":{"line":1,"column":16},"end":{"line":1,"column":34}},"1":{"start":{"line":2,"column":15},"end":{"line":2,"column":31}},"2":{"start":{"line":4,"column":13},"end":{"line":4,"column":49}},"3":{"start":{"line":5,"column":33},"end":{"line":5,"column":66}},"4":{"start":{"line":6,"column":24},"end":{"line":6,"column":57}},"5":{"start":{"line":9,"column":0},"end":{"line":9,"column":61}},"6":{"start":{"line":10,"column":0},"end":{"line":10,"column":51}},"7":{"start":{"line":12,"column":0},"end":{"line":12,"column":24}}},"fnMap":{},"branchMap":{},"s":{"0":1,"1":1,"2":1,"3":1,"4":1,"5":1,"6":1,"7":1},"f":{},"b":{},"_coverageSchema":"1a1c01bbd47fc00a2c39e90264f33305004495a9","hash":"2d6fa85577107c0bf0c2f8cfe5c8d309f94ebd40"}
,"C:\\Users\\brcro\\Dev-Web-2022\\Backend\\routes\\user.js": {"path":"C:\\Users\\brcro\\Dev-Web-2022\\Backend\\routes\\user.js","statementMap":{"0":{"start":{"line":1,"column":16},"end":{"line":1,"column":34}},"1":{"start":{"line":2,"column":24},"end":{"line":2,"column":55}},"2":{"start":{"line":3,"column":15},"end":{"line":3,"column":31}},"3":{"start":{"line":4,"column":19},"end":{"line":4,"column":50}},"4":{"start":{"line":5,"column":16},"end":{"line":5,"column":47}},"5":{"start":{"line":7,"column":0},"end":{"line":7,"column":29}},"6":{"start":{"line":8,"column":0},"end":{"line":8,"column":36}},"7":{"start":{"line":9,"column":0},"end":{"line":9,"column":28}},"8":{"start":{"line":12,"column":0},"end":{"line":12,"column":24}}},"fnMap":{},"branchMap":{},"s":{"0":1,"1":1,"2":1,"3":1,"4":1,"5":1,"6":1,"7":1,"8":1},"f":{},"b":{},"_coverageSchema":"1a1c01bbd47fc00a2c39e90264f33305004495a9","hash":"68afb46f1b440aa3b9fff66a300a8cec208fd949"}
}
